<?xml version="1.0" encoding="UTF-8"?>
<!-- Generated by org.testng.reporters.JUnitReportReporter -->
<testsuite hostname="DESKTOP-FGNLH2G" name="zym1.DL" tests="1" failures="0" timestamp="25 Mar 2019 06:42:46 GMT" time="9.008" errors="0">
  <testcase name="kaos" time="9.008" classname="zym1.DL"/>
</testsuite> <!-- zym1.DL -->
